{
  "RSpec": {
    "coverage": {
      "/home/manuel/rb/forwarding_dsl/lib/forwarding_dsl.rb": [
        1,
        null,
        1,
        1,
        1,
        null,
        1,
        1,
        null,
        null
      ],
      "/home/manuel/rb/forwarding_dsl/lib/forwarding_dsl/dsl.rb": [
        1,
        1,
        1,
        1,
        null,
        1,
        15,
        null,
        14,
        null,
        null,
        10,
        null,
        3,
        null,
        1,
        null,
        null,
        null,
        1,
        10,
        10,
        null,
        null,
        1,
        16,
        5,
        null,
        11,
        null,
        null,
        null,
        1,
        null,
        2,
        null,
        null,
        null,
        null
      ],
      "/home/manuel/rb/forwarding_dsl/lib/forwarding_dsl/getsetter.rb": [
        1,
        1,
        1,
        null,
        1,
        4,
        null,
        null,
        1,
        1,
        4,
        5,
        6,
        3,
        null,
        3,
        null,
        null,
        null,
        5,
        3,
        null,
        null,
        null,
        null,
        null,
        null
      ]
    },
    "timestamp": 1436204680
  }
}
